<?xml version="1.0" encoding="UTF-8"?>
<!-- Generated by org.testng.reporters.JUnitReportReporter -->
<testsuite hostname="MacBook-Pro-2.local" name="com.org.appium.android.tests.RenderPageTest2" tests="1" failures="0" timestamp="16 Nov 2018 19:52:16 GMT" time="12.261" errors="0">
  <testcase name="homePageLayoutTest" time="12.261" classname="com.org.appium.android.tests.RenderPageTest2"/>
</testsuite> <!-- com.org.appium.android.tests.RenderPageTest2 -->
