<?xml version="1.0" encoding="UTF-8"?>
<!-- Generated by org.testng.reporters.JUnitReportReporter -->
<testsuite hostname="MacBook-Pro-2.local" name="com.org.appium.android.tests.genericTest" tests="1" failures="0" timestamp="16 Nov 2018 23:15:03 GMT" time="13.881" errors="0">
  <testcase name="notNowButtonPress" time="13.881" classname="com.org.appium.android.tests.genericTest"/>
</testsuite> <!-- com.org.appium.android.tests.genericTest -->
